This file contains any messages produced by compilers while
running configure, to aid debugging if configure makes a mistake.

It was created by configure, which was
generated by GNU Autoconf 2.69.  Invocation command line was

  $ ./configure 

## --------- ##
## Platform. ##
## --------- ##

hostname = LeondroLaptop
uname -m = x86_64
uname -r = 4.19.104-microsoft-standard
uname -s = Linux
uname -v = #1 SMP Wed Feb 19 06:37:35 UTC 2020

/usr/bin/uname -p = x86_64
/bin/uname -X     = unknown

/bin/arch              = x86_64
/usr/bin/arch -k       = unknown
/usr/convex/getsysinfo = unknown
/usr/bin/hostinfo      = unknown
/bin/machine           = unknown
/usr/bin/oslevel       = unknown
/bin/universe          = unknown

PATH: /home/leondro/.vscode-server/bin/054a9295330880ed74ceaedda236253b4f39a335/bin
PATH: /home/leondro/Programming/emsdk
PATH: /home/leondro/Programming/emsdk/upstream/emscripten
PATH: /home/leondro/Programming/emsdk/node/12.18.1_64bit/bin
PATH: /usr/local/sbin
PATH: /usr/local/bin
PATH: /usr/sbin
PATH: /usr/bin
PATH: /sbin
PATH: /bin
PATH: /usr/games
PATH: /usr/local/games
PATH: /mnt/c/Program Files/Oculus/Support/oculus-runtime
PATH: /mnt/c/Users/Leond/AppData/Roaming/ActiveState/bin
PATH: /mnt/c/Program Files/AdoptOpenJDK/jdk-15.0.0.36-hotspot/bin
PATH: /mnt/c/Program Files/AdoptOpenJDK/jdk-15.0.0.36-openj9/bin
PATH: /mnt/c/Program Files/NVIDIA GPU Computing Toolkit/CUDA/v11.0/bin
PATH: /mnt/c/Program Files/NVIDIA GPU Computing Toolkit/CUDA/v11.0/libnvvp
PATH: /mnt/c/Program Files/AdoptOpenJDK/jdk-14.0.2.12-hotspot/bin
PATH: /mnt/c/Program Files/AdoptOpenJDK/jdk-14.0.2.12-openj9/bin
PATH: /mnt/c/Windows/system32
PATH: /mnt/c/Windows
PATH: /mnt/c/Windows/System32/Wbem
PATH: /mnt/c/Windows/System32/WindowsPowerShell/v1.0/
PATH: /mnt/c/Windows/System32/OpenSSH/
PATH: /mnt/c/Program Files/Microsoft VS Code/bin
PATH: /mnt/c/Program Files/Git/cmd
PATH: /mnt/c/Software/path
PATH: /mnt/c/Program Files/Microsoft SQL Server/130/Tools/Binn/
PATH: /mnt/c/Program Files/Microsoft SQL Server/Client SDK/ODBC/170/Tools/Binn/
PATH: /mnt/c/Program Files/NVIDIA Corporation/Nsight Compute 2020.1.2/
PATH: /mnt/c/Program Files (x86)/NVIDIA Corporation/PhysX/Common
PATH: /mnt/c/Program Files/NVIDIA Corporation/NVIDIA NvDLISR
PATH: /mnt/c/Program Files/TortoiseSVN/bin
PATH: /mnt/c/Software/apache-maven-3.6.3/bin
PATH: /mnt/c/Program Files/nodejs
PATH: /mnt/c/Program Files/Docker/Docker/resources/bin
PATH: /mnt/c/ProgramData/DockerDesktop/version-bin
PATH: /mnt/c/Program Files (x86)/PDFtk Server/bin/
PATH: /mnt/c/Program Files/platform-tools
PATH: /mnt/c/Users/Leond/AppData/Local/Programs/Python/Python38/Scripts/
PATH: /mnt/c/Users/Leond/AppData/Local/Programs/Python/Python38/
PATH: /mnt/c/Users/Leond/.windows-build-tools/python27/
PATH: /mnt/c/Users/Leond/AppData/Local/Microsoft/WindowsApps
PATH: /mnt/c/Program Files/JetBrains/IntelliJ IDEA 2020.3/bin
PATH: /mnt/c/ProgramData/Anaconda3
PATH: /mnt/c/ProgramData/Anaconda3/Library/bin
PATH: /mnt/c/ProgramData/Anaconda3/Scripts
PATH: /mnt/c/Users/Leond/AppData/Roaming/npm
PATH: /mnt/c/Users/Leond/.dotnet/tools
PATH: /snap/bin


## ----------- ##
## Core tests. ##
## ----------- ##

configure:1833: checking build system type
configure:1847: result: x86_64-unknown-linux-gnu
configure:1867: checking host system type
configure:1880: result: x86_64-unknown-linux-gnu
configure:1900: checking target system type
configure:1913: result: x86_64-unknown-linux-gnu
configure:1989: checking for gcc
configure:2016: result: gcc -fPIC -g -O2
configure:2245: checking for C compiler version
configure:2254: gcc -fPIC -g -O2 --version >&5
gcc (Ubuntu 9.3.0-10ubuntu2) 9.3.0
Copyright (C) 2019 Free Software Foundation, Inc.
This is free software; see the source for copying conditions.  There is NO
warranty; not even for MERCHANTABILITY or FITNESS FOR A PARTICULAR PURPOSE.

configure:2265: $? = 0
configure:2254: gcc -fPIC -g -O2 -v >&5
Using built-in specs.
COLLECT_GCC=gcc
COLLECT_LTO_WRAPPER=/usr/lib/gcc/x86_64-linux-gnu/9/lto-wrapper
OFFLOAD_TARGET_NAMES=nvptx-none:hsa
OFFLOAD_TARGET_DEFAULT=1
Target: x86_64-linux-gnu
Configured with: ../src/configure -v --with-pkgversion='Ubuntu 9.3.0-10ubuntu2' --with-bugurl=file:///usr/share/doc/gcc-9/README.Bugs --enable-languages=c,ada,c++,go,brig,d,fortran,objc,obj-c++,gm2 --prefix=/usr --with-gcc-major-version-only --program-suffix=-9 --program-prefix=x86_64-linux-gnu- --enable-shared --enable-linker-build-id --libexecdir=/usr/lib --without-included-gettext --enable-threads=posix --libdir=/usr/lib --enable-nls --enable-clocale=gnu --enable-libstdcxx-debug --enable-libstdcxx-time=yes --with-default-libstdcxx-abi=new --enable-gnu-unique-object --disable-vtable-verify --enable-plugin --enable-default-pie --with-system-zlib --with-target-system-zlib=auto --enable-objc-gc=auto --enable-multiarch --disable-werror --with-arch-32=i686 --with-abi=m64 --with-multilib-list=m32,m64,mx32 --enable-multilib --with-tune=generic --enable-offload-targets=nvptx-none,hsa --without-cuda-driver --enable-checking=release --build=x86_64-linux-gnu --host=x86_64-linux-gnu --target=x86_64-linux-gnu
Thread model: posix
gcc version 9.3.0 (Ubuntu 9.3.0-10ubuntu2) 
configure:2265: $? = 0
configure:2254: gcc -fPIC -g -O2 -V >&5
gcc: error: unrecognized command line option '-V'
gcc: fatal error: no input files
compilation terminated.
configure:2265: $? = 1
configure:2254: gcc -fPIC -g -O2 -qversion >&5
gcc: error: unrecognized command line option '-qversion'; did you mean '--version'?
gcc: fatal error: no input files
compilation terminated.
configure:2265: $? = 1
configure:2285: checking whether the C compiler works
configure:2307: gcc -fPIC -g -O2    conftest.c  >&5
configure:2311: $? = 0
configure:2359: result: yes
configure:2362: checking for C compiler default output file name
configure:2364: result: a.out
configure:2370: checking for suffix of executables
configure:2377: gcc -fPIC -g -O2 -o conftest    conftest.c  >&5
configure:2381: $? = 0
configure:2403: result: 
configure:2425: checking whether we are cross compiling
configure:2433: gcc -fPIC -g -O2 -o conftest    conftest.c  >&5
configure:2437: $? = 0
configure:2444: ./conftest
configure:2448: $? = 0
configure:2436: result: no
configure:2441: checking for suffix of object files
configure:2463: gcc -fPIC -g -O2 -c   conftest.c >&5
configure:2467: $? = 0
configure:2488: result: o
configure:2492: checking whether we are using the GNU C compiler
configure:2511: gcc -fPIC -g -O2 -c   conftest.c >&5
configure:2511: $? = 0
configure:2520: result: yes
configure:2529: checking whether gcc -fPIC -g -O2 accepts -g
configure:2549: gcc -fPIC -g -O2 -c -g  conftest.c >&5
configure:2549: $? = 0
configure:2590: result: yes
configure:2607: checking for gcc -fPIC -g -O2 option to accept ISO C89
configure:2670: gcc -fPIC -g -O2  -c -g -O2  conftest.c >&5
configure:2670: $? = 0
configure:2683: result: none needed
configure:2709: checking whether gcc -fPIC -g -O2 and cc understand -c and -o together
configure:2740: gcc -fPIC -g -O2 -c conftest.c -o conftest2.o >&5
configure:2744: $? = 0
configure:2750: gcc -fPIC -g -O2 -c conftest.c -o conftest2.o >&5
configure:2754: $? = 0
configure:2765: cc -c conftest.c >&5
configure:2769: $? = 0
configure:2777: cc -c conftest.c -o conftest2.o >&5
configure:2781: $? = 0
configure:2787: cc -c conftest.c -o conftest2.o >&5
configure:2791: $? = 0
configure:2809: result: yes
configure:2821: checking whether ln -s works
configure:2825: result: yes
configure:2876: checking for ranlib
configure:2892: found /usr/bin/ranlib
configure:2903: result: ranlib
configure:3491: creating ./config.status

## ---------------------- ##
## Running config.status. ##
## ---------------------- ##

This file was extended by config.status, which was
generated by GNU Autoconf 2.69.  Invocation command line was

  CONFIG_FILES    = 
  CONFIG_HEADERS  = 
  CONFIG_LINKS    = 
  CONFIG_COMMANDS = 
  $ ./config.status 

on LeondroLaptop

config.status:802: creating Makefile
config.status:802: creating Makefile.sub
config.status:802: creating dapi/src/Makefile
config.status:802: creating dapi/src/Makefile.sub
config.status:802: creating dapi/src/api/Makefile
config.status:802: creating dapi/src/cmd/Makefile
config.status:802: creating dapi/src/dic/Makefile
config.status:802: creating dapi/src/kernel/Makefile
config.status:802: creating dapi/src/lts/Makefile
config.status:802: creating dapi/src/nt/Makefile
config.status:802: creating dapi/src/osf/Makefile
config.status:802: creating dapi/src/ph/Makefile
config.status:802: creating dapi/src/vtm/Makefile
config.status:802: creating dapi/src/hlsyn/Makefile
config.status:802: creating dtalkml/src/Makefile
config.status:802: creating samplosf/src/speak/Makefile
config.status:802: creating samplosf/src/windict/Makefile
config.status:802: creating samplosf/src/dtsamples/Makefile
config.status:802: creating licunix/src/Makefile
config.status:802: creating udicunix/src/Makefile

## ---------------- ##
## Cache variables. ##
## ---------------- ##

ac_cv_build=x86_64-unknown-linux-gnu
ac_cv_c_compiler_gnu=yes
ac_cv_env_CC_set=set
ac_cv_env_CC_value='gcc -fPIC -g -O2'
ac_cv_env_CFLAGS_set=
ac_cv_env_CFLAGS_value=
ac_cv_env_CPPFLAGS_set=
ac_cv_env_CPPFLAGS_value=
ac_cv_env_LDFLAGS_set=
ac_cv_env_LDFLAGS_value=
ac_cv_env_LIBS_set=
ac_cv_env_LIBS_value=
ac_cv_env_build_alias_set=
ac_cv_env_build_alias_value=
ac_cv_env_host_alias_set=
ac_cv_env_host_alias_value=
ac_cv_env_target_alias_set=
ac_cv_env_target_alias_value=
ac_cv_host=x86_64-unknown-linux-gnu
ac_cv_objext=o
ac_cv_prog_ac_ct_CC='gcc -fPIC -g -O2'
ac_cv_prog_ac_ct_RANLIB=ranlib
ac_cv_prog_cc_c89=
ac_cv_prog_cc_g=yes
ac_cv_prog_cc_gcc_c_o=yes
ac_cv_target=x86_64-unknown-linux-gnu

## ----------------- ##
## Output variables. ##
## ----------------- ##

ALIGN_OPT=''
ALL_LIB_OBJS='$(API_ALL_OBJ) $(API_MME_OBJ) $(CMD_OBJ) 	      $(LTS_OBJ) $(PH_OBJ) $(HL_OBJ) $(KERNEL_OBJ) $(NT_OBJ)               $(NT_MME_OBJ) $(OSF_OBJ) $(OSF_TTS_OBJ) $(VTM_OBJ)               $(LTS_NORM_OBJS) $(LTS_DEMO_OBJS)'
API_OBJ_IN='$(OUTPUT_DIR)/ttsapi_mme.o 			$(OUTPUT_DIR)/decstd97.o $(OUTPUT_DIR)/ttsapi_demo.o			$(OUTPUT_DIR)/init.o $(OUTPUT_DIR)/crypt2.o 			$(OUTPUT_DIR)/init_demo.o '
AR='ar cqls'
BUILD_DIR='/home/leondro/Programming/dectalk/src/dapi/build'
CC='gcc -fPIC -g -O2'
CFLAGS='-g -O2'
CPPFLAGS=''
DAPI_LD_SHARED='$(LD) -shared -Bsymbolic -soname 		libtts_$(LANG_CODE).so -o $@ $(DECTALK_TTS_OBJS) $(LIBS)'
DAPI_SRC_ALL='$(OUTPUT_DIR)/libtts_$(LANG_CODE).a 	$(OUTPUT_DIR)/libtts_$(LANG_CODE).so $(LIB_LN_S_A_DIR)/libtts_$(LANG_CODE).a	$(SHLIB)/libtts_$(LANG_CODE).so $(LIB_LN_S_A_DIR)/libtts_demo_$(LANG_CODE).a'
DEBUG_FLAGS=' -g'
DECTALK_DEMO_OBJS='$(API_ALL_OBJ) $(API_DEMO_OBJ) 	$(CMD_OBJ) $(LTS_OBJ) $(LTS_DEMO_OBJS) $(PH_OBJ) $(HL_OBJ) $(KERNEL_OBJ) 	$(NT_OBJ) $(NT_MME_OBJ) $(OSF_OBJ) $(VTM_OBJ)'
DECTALK_MME_OBJS='$(API_ALL_OBJ) $(API_MME_OBJ) $(CMD_OBJ) $(LTS_OBJ) 	$(LTS_NORM_OBJS) $(PH_OBJ) $(HL_OBJ) $(KERNEL_OBJ) $(NT_OBJ) 	$(NT_MME_OBJ) $(OSF_OBJ) $(VTM_OBJ)'
DECTALK_TTS_OBJS='$(API_ALL_OBJ) $(API_MME_OBJ) 	$(CMD_OBJ) $(LTS_OBJ) $(LTS_NORM_OBJS) $(PH_OBJ) $(HL_OBJ) $(KERNEL_OBJ) 	$(NT_OBJ) $(NT_MME_OBJ) $(OSF_OBJ) $(VTM_OBJ)'
DEFINES=' -D_REENTRANT -DNOMME -DLTSSIM -DTTSSIM -DANSI -DBLD_DECTALK_DLL -D$(LANGUAGE) -DACCESS32 -DTYPING_MODE'
DEFS='-DPACKAGE_NAME=\"\" -DPACKAGE_TARNAME=\"\" -DPACKAGE_VERSION=\"\" -DPACKAGE_STRING=\"\" -DPACKAGE_BUGREPORT=\"\" -DPACKAGE_URL=\"\"'
DIC_CC='gcc'
DTALK_ML='$(CC) -c $(CFLAGS) -o $@ $?'
DTALK_ML_MME=''
DTSAMPLE_ALL='$(OUTPUT_DIR)/say $(OUTPUT_DIR)/dtmemory 	$(OUTPUT_DIR)/say_demo_$(LANG_CODE) 	$(OUTPUT_DIR)/dtmemory_demo_$(LANG_CODE) $(OUTPUT_DIR)/aclock'
DT_SO_LIBS=' $(OUTPUT_DIR)/libtts_$(LANG_CODE).a -lpthread -lc'
ECHO_C=''
ECHO_N='-n'
ECHO_T=''
EXEEXT=''
GTK_DEFINES='`pkg-config --cflags --libs gtk+-2.0`'
GTK_LIBS='`pkg-config --cflags --libs gtk+-2.0`'
INC_LN_S_DIR='/usr/include/dtk'
INIT_ML='$(CC) -c $(CFLAGS) $(DEFINES) -o $@ $?'
LD='ld'
LDFLAGS=''
LIBOBJS=''
LIBS=' -lm -lpthread '
LIB_LN_S_A_DIR='/usr/local/lib'
LIB_LN_S_SO_DIR='/usr/local/lib'
LICENSE_ALL='$(OUTPUT_DIR)/licenin1 $(OUTPUT_DIR)/licenin3             $(OUTPUT_DIR)/licenin7 $(OUTPUT_DIR)/installer'
LICENSE_DEFINES=''
LINK_LINUX_AUDIO='$(OUTPUT_DIR_2)/linux_audio.o'
LINK_PORT_AUDIO=''
LINUX_AUDIO='$(OUTPUT_DIR)/linux_audio.o'
LN_S='ln -s'
LTLIBOBJS=''
ML_ALL='$(LIB_LN_S_A_DIR)/libtts.a $(SHLIB)/libtts.so'
ML_TTS_MME_SO=''
ML_TTS_SO='$(LD) -shared -Bsymbolic -soname libtts.so 	-o $@ ../build/$(OS_VERSION)/$(ML_OUT)/link/dtalk_ml.o 	../build/$(OS_VERSION)/$(ML_OUT)/link/init.o 	../build/$(OS_VERSION)/$(ML_OUT)/libtts.a  -ldl -lpthread -lc'
MMELIBS=' -lm -lpthread'
MME_COMPILE_FLAGS=''
MME_DIR='.'
OBJEXT='o'
OPTO_FLAGS=' -O2'
OS_VERSION='4.19.104-microsoft-standard'
PACKAGE_BUGREPORT=''
PACKAGE_NAME=''
PACKAGE_STRING=''
PACKAGE_TARNAME=''
PACKAGE_URL=''
PACKAGE_VERSION=''
PATH_SEPARATOR=':'
PH_VTM_OPTO_FLAGS=' -O2'
PLATFORM_DEFS=''
RANLIB='ranlib'
SAMPLE_DTLIB=' -ltts'
SAMPLE_LINKFLAGS=' -ldl '
SHELL='/bin/bash'
SHLIB='/usr/local/lib'
SO_LOCATIONS=''
SPEAK_ALL='$(OUTPUT_DIR)/gspeak $(OUTPUT_DIR_2)/gspeak_$(LANG_CODE) 		$(OUTPUT_DIR_2)/gspeakdem_$(LANG_CODE)'
STD_INCLUDE='/usr/include/'
WARN_FLAGS=' -Wall'
WINDICT_ALL='$(OUTPUT_DIR)/windic'
ac_ct_CC='gcc -fPIC -g -O2'
bindir='${exec_prefix}/bin'
build='x86_64-unknown-linux-gnu'
build_alias=''
build_cpu='x86_64'
build_os='linux-gnu'
build_vendor='unknown'
datadir='${datarootdir}'
datarootdir='${prefix}/share'
docdir='${datarootdir}/doc/${PACKAGE}'
dvidir='${docdir}'
exec_prefix='${prefix}'
host='x86_64-unknown-linux-gnu'
host_alias=''
host_cpu='x86_64'
host_os='linux-gnu'
host_vendor='unknown'
htmldir='${docdir}'
includedir='${prefix}/include'
infodir='${datarootdir}/info'
libdir='${exec_prefix}/lib'
libexecdir='${exec_prefix}/libexec'
localedir='${datarootdir}/locale'
localstatedir='${prefix}/var'
mandir='${datarootdir}/man'
oldincludedir='/usr/include'
pdfdir='${docdir}'
prefix='/usr/local'
program_transform_name='s,x,x,'
psdir='${docdir}'
runstatedir='${localstatedir}/run'
sbindir='${exec_prefix}/sbin'
sharedstatedir='${prefix}/com'
sysconfdir='${prefix}/etc'
target='x86_64-unknown-linux-gnu'
target_alias=''
target_cpu='x86_64'
target_os='linux-gnu'
target_vendor='unknown'

## ----------- ##
## confdefs.h. ##
## ----------- ##

/* confdefs.h */
#define PACKAGE_NAME ""
#define PACKAGE_TARNAME ""
#define PACKAGE_VERSION ""
#define PACKAGE_STRING ""
#define PACKAGE_BUGREPORT ""
#define PACKAGE_URL ""

configure: exit 0
